<?xml version="1.0" encoding="UTF-8"?>
<testsuite name="Automatizacion de Api Rest" tests="2" skipped="0" failures="0" errors="0" timestamp="2022-10-28T22:10:48" hostname="ORDENADOR" time="4.049">
  <properties/>
  <testcase name="Crear un usuario con metodo Post #1" classname="Automatizacion de Api Rest" time="3.438"/>
  <testcase name="Crear un usuario con metodo Post #2" classname="Automatizacion de Api Rest" time="0.611"/>
  <system-out><![CDATA[HTTP/1.1 201 Created
Date: Fri, 28 Oct 2022 22:10:49 GMT
Content-Type: application/json; charset=utf-8
Transfer-Encoding: chunked
Connection: keep-alive
Cache-Control: max-age=0, private, must-revalidate
etag: W/"8b666339960ab730d4eaf00287e9c7e7"
location: https://gorest.co.in/public/v2/users/3699
referrer-policy: strict-origin-when-cross-origin
vary: Origin
x-content-type-options: nosniff
x-download-options: noopen
x-frame-options: SAMEORIGIN
x-permitted-cross-domain-policies: none
x-ratelimit-limit: 90
x-ratelimit-remaining: 89
x-ratelimit-reset: 1
x-request-id: d7918c31-cb6c-48cc-9cbb-548d4aeaeea2
x-runtime: 0.109143
x-xss-protection: 0
CF-Cache-Status: DYNAMIC
Report-To: {"endpoints":[{"url":"https:\/\/a.nel.cloudflare.com\/report\/v3?s=fr20P%2BkhGv1O%2F%2FQpu6VEIOzf%2FxzK541PCvdv34f3zPnOYFXEdnu0hVKVypBYjFZrx8S%2FrioZrD4BIplWdXXRDyMrBs2L3urmzZrQaiS0VMIpTpFQuVGACdEAMwX%2Bn54%3D"}],"group":"cf-nel","max_age":604800}
NEL: {"success_fraction":0,"report_to":"cf-nel","max_age":604800}
Server: cloudflare
CF-RAY: 761700f32a289af1-MIA
alt-svc: h3=":443"; ma=86400, h3-29=":443"; ma=86400

{
    "id": 3699,
    "name": "asdne",
    "email": "correo@falso.com",
    "gender": "male",
    "status": "inactive"
}
HTTP/1.1 201 Created
Date: Fri, 28 Oct 2022 22:10:50 GMT
Content-Type: application/json; charset=utf-8
Transfer-Encoding: chunked
Connection: keep-alive
Cache-Control: max-age=0, private, must-revalidate
etag: W/"884e4118597b9e0fdaba849d639ff01e"
location: https://gorest.co.in/public/v2/users/3700
referrer-policy: strict-origin-when-cross-origin
vary: Origin
x-content-type-options: nosniff
x-download-options: noopen
x-frame-options: SAMEORIGIN
x-permitted-cross-domain-policies: none
x-ratelimit-limit: 90
x-ratelimit-remaining: 89
x-ratelimit-reset: 1
x-request-id: 7b05dce2-a9cc-47ee-8951-cb26ecf19332
x-runtime: 0.067298
x-xss-protection: 0
CF-Cache-Status: DYNAMIC
Report-To: {"endpoints":[{"url":"https:\/\/a.nel.cloudflare.com\/report\/v3?s=2GKagnFHQUiPmiLSxX1lBfBtAaXLmkclLBbKaFq8%2BToQaEkMW4a%2B1CbkucZvW0hyQscFf1VIF%2FwHdShTw6mOKlCFeKyeDWVjZl732%2FWTszNavbXH%2FRs47QnssjmHulk%3D"}],"group":"cf-nel","max_age":604800}
NEL: {"success_fraction":0,"report_to":"cf-nel","max_age":604800}
Server: cloudflare
CF-RAY: 761700fa3bd609da-MIA
alt-svc: h3=":443"; ma=86400, h3-29=":443"; ma=86400

{
    "id": 3700,
    "name": "Carlosqw Perez",
    "email": "correo1@falso0.com",
    "gender": "male",
    "status": "inactive"
}
]]></system-out>
  <system-err><![CDATA[[Test worker] INFO io.cucumber.core.plugin.SerenityReporter - Running feature from file:///D:/proyectosGit/practicaScreenplayApiRest/src/test/resources/com/sophossolutions/features/post_gorest.feature
[Test worker] INFO  - 
  _____   ___   ___   _____     ___   _____     _     ___   _____   ___   ___  
 |_   _| | __| / __| |_   _|   / __| |_   _|   /_\   | _ \ |_   _| | __| |   \ 
   | |   | _|  \__ \   | |     \__ \   | |    / _ \  |   /   | |   | _|  | |) |
   |_|   |___| |___/   |_|     |___/   |_|   /_/ \_\ |_|_\   |_|   |___| |___/ 

Crear un usuario con metodo Post(automatizacion-de-api-rest;crear-un-usuario-con-metodo-post)
--------------------------------------------------------------------------------
[Test worker] INFO  - ?[92m
  _____   ___   ___   _____     ___     _     ___   ___   ___   ___  
 |_   _| | __| / __| |_   _|   | _ \   /_\   / __| / __| | __| |   \ 
   | |   | _|  \__ \   | |     |  _/  / _ \  \__ \ \__ \ | _|  | |) |
   |_|   |___| |___/   |_|     |_|   /_/ \_\ |___/ |___/ |___| |___/ 

Crear un usuario con metodo Post
----------------------------------------------------------------------?[0m
[Test worker] INFO io.cucumber.core.plugin.SerenityReporter - Running feature from file:///D:/proyectosGit/practicaScreenplayApiRest/src/test/resources/com/sophossolutions/features/post_gorest.feature
[Test worker] INFO  - ?[92m
  _____   ___   ___   _____     ___     _     ___   ___   ___   ___  
 |_   _| | __| / __| |_   _|   | _ \   /_\   / __| / __| | __| |   \ 
   | |   | _|  \__ \   | |     |  _/  / _ \  \__ \ \__ \ | _|  | |) |
   |_|   |___| |___/   |_|     |_|   /_/ \_\ |___/ |___/ |___| |___/ 

Crear un usuario con metodo Post
----------------------------------------------------------------------?[0m
]]></system-err>
</testsuite>
