<?xml version="1.0" encoding="UTF-8"?>
<testsuite name="Automatizacion de Api Rest" tests="2" skipped="0" failures="0" errors="0" timestamp="2022-10-28T21:46:14" hostname="ORDENADOR" time="7.567">
  <properties/>
  <testcase name="Crear un usuario con metodo Post #1" classname="Automatizacion de Api Rest" time="6.435"/>
  <testcase name="Crear un usuario con metodo Post #2" classname="Automatizacion de Api Rest" time="1.132"/>
  <system-out><![CDATA[HTTP/1.1 201 Created
Date: Fri, 28 Oct 2022 21:46:18 GMT
Content-Type: application/json; charset=utf-8
Transfer-Encoding: chunked
Connection: keep-alive
Cache-Control: max-age=0, private, must-revalidate
etag: W/"845dc3f4ca650d4f8dded2264d42fd77"
location: https://gorest.co.in/public/v2/users/5390
referrer-policy: strict-origin-when-cross-origin
vary: Origin
x-content-type-options: nosniff
x-download-options: noopen
x-frame-options: SAMEORIGIN
x-permitted-cross-domain-policies: none
x-ratelimit-limit: 90
x-ratelimit-remaining: 89
x-ratelimit-reset: 1
x-request-id: ba5251cd-4707-456f-8884-f816170a3f95
x-runtime: 0.087525
x-xss-protection: 0
CF-Cache-Status: DYNAMIC
Report-To: {"endpoints":[{"url":"https:\/\/a.nel.cloudflare.com\/report\/v3?s=YKkumjkZoD7e%2B3yAhyjgjyiFM6p7dHoDchjYOIUC%2Bcyh7IpXCg0ccgF5e0hyknkJQdl5S7%2FNawflpCj%2FmYhy3cVT3EWCMTFfIkpePS%2BINP0NmtjX4I285DP6lZQonSg%3D"}],"group":"cf-nel","max_age":604800}
NEL: {"success_fraction":0,"report_to":"cf-nel","max_age":604800}
Server: cloudflare
CF-RAY: 7616dd021d473707-MIA
alt-svc: h3=":443"; ma=86400, h3-29=":443"; ma=86400

{
    "id": 5390,
    "name": "margarita Gonzalez",
    "email": "carpe1223@falso.com",
    "gender": "female",
    "status": "active"
}
HTTP/1.1 201 Created
Date: Fri, 28 Oct 2022 21:46:19 GMT
Content-Type: application/json; charset=utf-8
Transfer-Encoding: chunked
Connection: keep-alive
Cache-Control: max-age=0, private, must-revalidate
etag: W/"5e5e1a2a907f18cfcb49a2bd84b1f113"
location: https://gorest.co.in/public/v2/users/5391
referrer-policy: strict-origin-when-cross-origin
vary: Origin
x-content-type-options: nosniff
x-download-options: noopen
x-frame-options: SAMEORIGIN
x-permitted-cross-domain-policies: none
x-ratelimit-limit: 90
x-ratelimit-remaining: 89
x-ratelimit-reset: 1
x-request-id: 5964f90e-e3a7-4a1e-997a-34204dc7bd72
x-runtime: 0.096754
x-xss-protection: 0
CF-Cache-Status: DYNAMIC
Report-To: {"endpoints":[{"url":"https:\/\/a.nel.cloudflare.com\/report\/v3?s=g0ttl0Htd66%2FIg9dfVoYne5E3mFwQanPy%2FkmhThat47kceKtTEczoV0xRjPP1OgZtP2Y26CwMEny%2BQiNcAOwxmN7GgHquIC1%2FEpeKclH%2B8aHCC6%2FcX48RKLhkXNdZsA%3D"}],"group":"cf-nel","max_age":604800}
NEL: {"success_fraction":0,"report_to":"cf-nel","max_age":604800}
Server: cloudflare
CF-RAY: 7616dd0c1b4a02b2-MIA
alt-svc: h3=":443"; ma=86400, h3-29=":443"; ma=86400

{
    "id": 5391,
    "name": "Carlosqw Perez",
    "email": "carpe19012@falso.com",
    "gender": "male",
    "status": "inactive"
}
]]></system-out>
  <system-err><![CDATA[[Test worker] INFO io.cucumber.core.plugin.SerenityReporter - Running feature from file:///D:/proyectosGit/practicaScreenplayApiRest/src/test/resources/com/sophossolutions/features/post_gorest.feature
[Test worker] INFO  - 
  _____   ___   ___   _____     ___   _____     _     ___   _____   ___   ___  
 |_   _| | __| / __| |_   _|   / __| |_   _|   /_\   | _ \ |_   _| | __| |   \ 
   | |   | _|  \__ \   | |     \__ \   | |    / _ \  |   /   | |   | _|  | |) |
   |_|   |___| |___/   |_|     |___/   |_|   /_/ \_\ |_|_\   |_|   |___| |___/ 

Crear un usuario con metodo Post(automatizacion-de-api-rest;crear-un-usuario-con-metodo-post)
--------------------------------------------------------------------------------
[Test worker] INFO  - ?[92m
  _____   ___   ___   _____     ___     _     ___   ___   ___   ___  
 |_   _| | __| / __| |_   _|   | _ \   /_\   / __| / __| | __| |   \ 
   | |   | _|  \__ \   | |     |  _/  / _ \  \__ \ \__ \ | _|  | |) |
   |_|   |___| |___/   |_|     |_|   /_/ \_\ |___/ |___/ |___| |___/ 

Crear un usuario con metodo Post
----------------------------------------------------------------------?[0m
[Test worker] INFO io.cucumber.core.plugin.SerenityReporter - Running feature from file:///D:/proyectosGit/practicaScreenplayApiRest/src/test/resources/com/sophossolutions/features/post_gorest.feature
[Test worker] INFO  - ?[92m
  _____   ___   ___   _____     ___     _     ___   ___   ___   ___  
 |_   _| | __| / __| |_   _|   | _ \   /_\   / __| / __| | __| |   \ 
   | |   | _|  \__ \   | |     |  _/  / _ \  \__ \ \__ \ | _|  | |) |
   |_|   |___| |___/   |_|     |_|   /_/ \_\ |___/ |___/ |___| |___/ 

Crear un usuario con metodo Post
----------------------------------------------------------------------?[0m
]]></system-err>
</testsuite>
